Performing C SOURCE FILE Test OpenMP_FLAG_DETECTED failed with the following output:
Change Dir: /Users/kseniakorshunova/Documents/PhD_project/gromacs_4.6.5/gromacs-4.6.5/build_0/CMakeFiles/CMakeTmp

Run Build Command(s):/usr/bin/make cmTC_98d50/fast 
/Library/Developer/CommandLineTools/usr/bin/make -f CMakeFiles/cmTC_98d50.dir/build.make CMakeFiles/cmTC_98d50.dir/build
Building C object CMakeFiles/cmTC_98d50.dir/src.c.o
/Library/Developer/CommandLineTools/usr/bin/gcc   -DOpenMP_FLAG_DETECTED -fopenmp -isysroot /Library/Developer/CommandLineTools/SDKs/MacOSX10.14.sdk   -o CMakeFiles/cmTC_98d50.dir/src.c.o   -c /Users/kseniakorshunova/Documents/PhD_project/gromacs_4.6.5/gromacs-4.6.5/build_0/CMakeFiles/CMakeTmp/src.c
clang: error: unsupported option '-fopenmp'
make[1]: *** [CMakeFiles/cmTC_98d50.dir/src.c.o] Error 1
make: *** [cmTC_98d50/fast] Error 2

Source file was:

#include <omp.h>
int main() { 
#ifdef _OPENMP
  return 0; 
#else
  breaks_on_purpose
#endif
}

Performing C SOURCE FILE Test OpenMP_FLAG_DETECTED failed with the following output:
Change Dir: /Users/kseniakorshunova/Documents/PhD_project/gromacs_4.6.5/gromacs-4.6.5/build_0/CMakeFiles/CMakeTmp

Run Build Command(s):/usr/bin/make cmTC_cdde9/fast 
/Library/Developer/CommandLineTools/usr/bin/make -f CMakeFiles/cmTC_cdde9.dir/build.make CMakeFiles/cmTC_cdde9.dir/build
Building C object CMakeFiles/cmTC_cdde9.dir/src.c.o
/Library/Developer/CommandLineTools/usr/bin/gcc   -DOpenMP_FLAG_DETECTED /openmp -isysroot /Library/Developer/CommandLineTools/SDKs/MacOSX10.14.sdk   -o CMakeFiles/cmTC_cdde9.dir/src.c.o   -c /Users/kseniakorshunova/Documents/PhD_project/gromacs_4.6.5/gromacs-4.6.5/build_0/CMakeFiles/CMakeTmp/src.c
clang: error: no such file or directory: '/openmp'
make[1]: *** [CMakeFiles/cmTC_cdde9.dir/src.c.o] Error 1
make: *** [cmTC_cdde9/fast] Error 2

Source file was:

#include <omp.h>
int main() { 
#ifdef _OPENMP
  return 0; 
#else
  breaks_on_purpose
#endif
}

Performing C SOURCE FILE Test OpenMP_FLAG_DETECTED failed with the following output:
Change Dir: /Users/kseniakorshunova/Documents/PhD_project/gromacs_4.6.5/gromacs-4.6.5/build_0/CMakeFiles/CMakeTmp

Run Build Command(s):/usr/bin/make cmTC_8f07b/fast 
/Library/Developer/CommandLineTools/usr/bin/make -f CMakeFiles/cmTC_8f07b.dir/build.make CMakeFiles/cmTC_8f07b.dir/build
Building C object CMakeFiles/cmTC_8f07b.dir/src.c.o
/Library/Developer/CommandLineTools/usr/bin/gcc   -DOpenMP_FLAG_DETECTED -Qopenmp -isysroot /Library/Developer/CommandLineTools/SDKs/MacOSX10.14.sdk   -o CMakeFiles/cmTC_8f07b.dir/src.c.o   -c /Users/kseniakorshunova/Documents/PhD_project/gromacs_4.6.5/gromacs-4.6.5/build_0/CMakeFiles/CMakeTmp/src.c
clang: error: unknown argument '-Qopenmp', did you mean '-fopenmp='?
make[1]: *** [CMakeFiles/cmTC_8f07b.dir/src.c.o] Error 1
make: *** [cmTC_8f07b/fast] Error 2

Source file was:

#include <omp.h>
int main() { 
#ifdef _OPENMP
  return 0; 
#else
  breaks_on_purpose
#endif
}

Performing C SOURCE FILE Test OpenMP_FLAG_DETECTED failed with the following output:
Change Dir: /Users/kseniakorshunova/Documents/PhD_project/gromacs_4.6.5/gromacs-4.6.5/build_0/CMakeFiles/CMakeTmp

Run Build Command(s):/usr/bin/make cmTC_e76af/fast 
/Library/Developer/CommandLineTools/usr/bin/make -f CMakeFiles/cmTC_e76af.dir/build.make CMakeFiles/cmTC_e76af.dir/build
Building C object CMakeFiles/cmTC_e76af.dir/src.c.o
/Library/Developer/CommandLineTools/usr/bin/gcc   -DOpenMP_FLAG_DETECTED -openmp -isysroot /Library/Developer/CommandLineTools/SDKs/MacOSX10.14.sdk   -o CMakeFiles/cmTC_e76af.dir/src.c.o   -c /Users/kseniakorshunova/Documents/PhD_project/gromacs_4.6.5/gromacs-4.6.5/build_0/CMakeFiles/CMakeTmp/src.c
/Users/kseniakorshunova/Documents/PhD_project/gromacs_4.6.5/gromacs-4.6.5/build_0/CMakeFiles/CMakeTmp/src.c:2:10: fatal error: 'omp.h' file not found
#include <omp.h>
         ^~~~~~~
1 error generated.
make[1]: *** [CMakeFiles/cmTC_e76af.dir/src.c.o] Error 1
make: *** [cmTC_e76af/fast] Error 2

Source file was:

#include <omp.h>
int main() { 
#ifdef _OPENMP
  return 0; 
#else
  breaks_on_purpose
#endif
}

Performing C SOURCE FILE Test OpenMP_FLAG_DETECTED failed with the following output:
Change Dir: /Users/kseniakorshunova/Documents/PhD_project/gromacs_4.6.5/gromacs-4.6.5/build_0/CMakeFiles/CMakeTmp

Run Build Command(s):/usr/bin/make cmTC_6410b/fast 
/Library/Developer/CommandLineTools/usr/bin/make -f CMakeFiles/cmTC_6410b.dir/build.make CMakeFiles/cmTC_6410b.dir/build
Building C object CMakeFiles/cmTC_6410b.dir/src.c.o
/Library/Developer/CommandLineTools/usr/bin/gcc   -DOpenMP_FLAG_DETECTED -isysroot /Library/Developer/CommandLineTools/SDKs/MacOSX10.14.sdk   -o CMakeFiles/cmTC_6410b.dir/src.c.o   -c /Users/kseniakorshunova/Documents/PhD_project/gromacs_4.6.5/gromacs-4.6.5/build_0/CMakeFiles/CMakeTmp/src.c
/Users/kseniakorshunova/Documents/PhD_project/gromacs_4.6.5/gromacs-4.6.5/build_0/CMakeFiles/CMakeTmp/src.c:2:10: fatal error: 'omp.h' file not found
#include <omp.h>
         ^~~~~~~
1 error generated.
make[1]: *** [CMakeFiles/cmTC_6410b.dir/src.c.o] Error 1
make: *** [cmTC_6410b/fast] Error 2

Source file was:

#include <omp.h>
int main() { 
#ifdef _OPENMP
  return 0; 
#else
  breaks_on_purpose
#endif
}

Performing C SOURCE FILE Test OpenMP_FLAG_DETECTED failed with the following output:
Change Dir: /Users/kseniakorshunova/Documents/PhD_project/gromacs_4.6.5/gromacs-4.6.5/build_0/CMakeFiles/CMakeTmp

Run Build Command(s):/usr/bin/make cmTC_b1593/fast 
/Library/Developer/CommandLineTools/usr/bin/make -f CMakeFiles/cmTC_b1593.dir/build.make CMakeFiles/cmTC_b1593.dir/build
Building C object CMakeFiles/cmTC_b1593.dir/src.c.o
/Library/Developer/CommandLineTools/usr/bin/gcc   -DOpenMP_FLAG_DETECTED -xopenmp -isysroot /Library/Developer/CommandLineTools/SDKs/MacOSX10.14.sdk   -o CMakeFiles/cmTC_b1593.dir/src.c.o   -c /Users/kseniakorshunova/Documents/PhD_project/gromacs_4.6.5/gromacs-4.6.5/build_0/CMakeFiles/CMakeTmp/src.c
clang: error: language not recognized: 'openmp'
clang: warning: /Users/kseniakorshunova/Documents/PhD_project/gromacs_4.6.5/gromacs-4.6.5/build_0/CMakeFiles/CMakeTmp/src.c: 'linker' input unused [-Wunused-command-line-argument]
make[1]: *** [CMakeFiles/cmTC_b1593.dir/src.c.o] Error 1
make: *** [cmTC_b1593/fast] Error 2

Source file was:

#include <omp.h>
int main() { 
#ifdef _OPENMP
  return 0; 
#else
  breaks_on_purpose
#endif
}

Performing C SOURCE FILE Test OpenMP_FLAG_DETECTED failed with the following output:
Change Dir: /Users/kseniakorshunova/Documents/PhD_project/gromacs_4.6.5/gromacs-4.6.5/build_0/CMakeFiles/CMakeTmp

Run Build Command(s):/usr/bin/make cmTC_9752e/fast 
/Library/Developer/CommandLineTools/usr/bin/make -f CMakeFiles/cmTC_9752e.dir/build.make CMakeFiles/cmTC_9752e.dir/build
Building C object CMakeFiles/cmTC_9752e.dir/src.c.o
/Library/Developer/CommandLineTools/usr/bin/gcc   -DOpenMP_FLAG_DETECTED +Oopenmp -isysroot /Library/Developer/CommandLineTools/SDKs/MacOSX10.14.sdk   -o CMakeFiles/cmTC_9752e.dir/src.c.o   -c /Users/kseniakorshunova/Documents/PhD_project/gromacs_4.6.5/gromacs-4.6.5/build_0/CMakeFiles/CMakeTmp/src.c
clang: error: no such file or directory: '+Oopenmp'
make[1]: *** [CMakeFiles/cmTC_9752e.dir/src.c.o] Error 1
make: *** [cmTC_9752e/fast] Error 2

Source file was:

#include <omp.h>
int main() { 
#ifdef _OPENMP
  return 0; 
#else
  breaks_on_purpose
#endif
}

Performing C SOURCE FILE Test OpenMP_FLAG_DETECTED failed with the following output:
Change Dir: /Users/kseniakorshunova/Documents/PhD_project/gromacs_4.6.5/gromacs-4.6.5/build_0/CMakeFiles/CMakeTmp

Run Build Command(s):/usr/bin/make cmTC_f27cb/fast 
/Library/Developer/CommandLineTools/usr/bin/make -f CMakeFiles/cmTC_f27cb.dir/build.make CMakeFiles/cmTC_f27cb.dir/build
Building C object CMakeFiles/cmTC_f27cb.dir/src.c.o
/Library/Developer/CommandLineTools/usr/bin/gcc   -DOpenMP_FLAG_DETECTED -qsmp -isysroot /Library/Developer/CommandLineTools/SDKs/MacOSX10.14.sdk   -o CMakeFiles/cmTC_f27cb.dir/src.c.o   -c /Users/kseniakorshunova/Documents/PhD_project/gromacs_4.6.5/gromacs-4.6.5/build_0/CMakeFiles/CMakeTmp/src.c
clang: error: unknown argument: '-qsmp'
make[1]: *** [CMakeFiles/cmTC_f27cb.dir/src.c.o] Error 1
make: *** [cmTC_f27cb/fast] Error 2

Source file was:

#include <omp.h>
int main() { 
#ifdef _OPENMP
  return 0; 
#else
  breaks_on_purpose
#endif
}

Performing C SOURCE FILE Test OpenMP_FLAG_DETECTED failed with the following output:
Change Dir: /Users/kseniakorshunova/Documents/PhD_project/gromacs_4.6.5/gromacs-4.6.5/build_0/CMakeFiles/CMakeTmp

Run Build Command(s):/usr/bin/make cmTC_676c8/fast 
/Library/Developer/CommandLineTools/usr/bin/make -f CMakeFiles/cmTC_676c8.dir/build.make CMakeFiles/cmTC_676c8.dir/build
Building C object CMakeFiles/cmTC_676c8.dir/src.c.o
/Library/Developer/CommandLineTools/usr/bin/gcc   -DOpenMP_FLAG_DETECTED -mp -isysroot /Library/Developer/CommandLineTools/SDKs/MacOSX10.14.sdk   -o CMakeFiles/cmTC_676c8.dir/src.c.o   -c /Users/kseniakorshunova/Documents/PhD_project/gromacs_4.6.5/gromacs-4.6.5/build_0/CMakeFiles/CMakeTmp/src.c
clang: error: unknown argument '-mp', did you mean '-mtp='?
make[1]: *** [CMakeFiles/cmTC_676c8.dir/src.c.o] Error 1
make: *** [cmTC_676c8/fast] Error 2

Source file was:

#include <omp.h>
int main() { 
#ifdef _OPENMP
  return 0; 
#else
  breaks_on_purpose
#endif
}

Determining if files direct.h exist failed with the following output:
Change Dir: /Users/kseniakorshunova/Documents/PhD_project/gromacs_4.6.5/gromacs-4.6.5/build_0/CMakeFiles/CMakeTmp

Run Build Command(s):/usr/bin/make cmTC_36c5c/fast 
/Library/Developer/CommandLineTools/usr/bin/make -f CMakeFiles/cmTC_36c5c.dir/build.make CMakeFiles/cmTC_36c5c.dir/build
Building C object CMakeFiles/cmTC_36c5c.dir/HAVE_DIRECT_H.c.o
/Library/Developer/CommandLineTools/usr/bin/gcc   -Wall -Wno-unused -Wunused-value -Wno-unknown-pragmas    -isysroot /Library/Developer/CommandLineTools/SDKs/MacOSX10.14.sdk   -o CMakeFiles/cmTC_36c5c.dir/HAVE_DIRECT_H.c.o   -c /Users/kseniakorshunova/Documents/PhD_project/gromacs_4.6.5/gromacs-4.6.5/build_0/CMakeFiles/CheckIncludeFiles/HAVE_DIRECT_H.c
/Users/kseniakorshunova/Documents/PhD_project/gromacs_4.6.5/gromacs-4.6.5/build_0/CMakeFiles/CheckIncludeFiles/HAVE_DIRECT_H.c:2:10: fatal error: 'direct.h' file not found
#include <direct.h>
         ^~~~~~~~~~
1 error generated.
make[1]: *** [CMakeFiles/cmTC_36c5c.dir/HAVE_DIRECT_H.c.o] Error 1
make: *** [cmTC_36c5c/fast] Error 2

Source:
/* */
#include <direct.h>


int main(void){return 0;}

Determining if files io.h exist failed with the following output:
Change Dir: /Users/kseniakorshunova/Documents/PhD_project/gromacs_4.6.5/gromacs-4.6.5/build_0/CMakeFiles/CMakeTmp

Run Build Command(s):/usr/bin/make cmTC_8263e/fast 
/Library/Developer/CommandLineTools/usr/bin/make -f CMakeFiles/cmTC_8263e.dir/build.make CMakeFiles/cmTC_8263e.dir/build
Building C object CMakeFiles/cmTC_8263e.dir/HAVE_IO_H.c.o
/Library/Developer/CommandLineTools/usr/bin/gcc   -Wall -Wno-unused -Wunused-value -Wno-unknown-pragmas    -isysroot /Library/Developer/CommandLineTools/SDKs/MacOSX10.14.sdk   -o CMakeFiles/cmTC_8263e.dir/HAVE_IO_H.c.o   -c /Users/kseniakorshunova/Documents/PhD_project/gromacs_4.6.5/gromacs-4.6.5/build_0/CMakeFiles/CheckIncludeFiles/HAVE_IO_H.c
/Users/kseniakorshunova/Documents/PhD_project/gromacs_4.6.5/gromacs-4.6.5/build_0/CMakeFiles/CheckIncludeFiles/HAVE_IO_H.c:2:10: fatal error: 'io.h' file not found
#include <io.h>
         ^~~~~~
1 error generated.
make[1]: *** [CMakeFiles/cmTC_8263e.dir/HAVE_IO_H.c.o] Error 1
make: *** [cmTC_8263e/fast] Error 2

Source:
/* */
#include <io.h>


int main(void){return 0;}

Determining if the function memalign exists failed with the following output:
Change Dir: /Users/kseniakorshunova/Documents/PhD_project/gromacs_4.6.5/gromacs-4.6.5/build_0/CMakeFiles/CMakeTmp

Run Build Command(s):/usr/bin/make cmTC_8c9be/fast 
/Library/Developer/CommandLineTools/usr/bin/make -f CMakeFiles/cmTC_8c9be.dir/build.make CMakeFiles/cmTC_8c9be.dir/build
Building C object CMakeFiles/cmTC_8c9be.dir/CheckFunctionExists.c.o
/Library/Developer/CommandLineTools/usr/bin/gcc   -Wall -Wno-unused -Wunused-value -Wno-unknown-pragmas   -DCHECK_FUNCTION_EXISTS=memalign -isysroot /Library/Developer/CommandLineTools/SDKs/MacOSX10.14.sdk   -o CMakeFiles/cmTC_8c9be.dir/CheckFunctionExists.c.o   -c /usr/local/Cellar/cmake/3.14.1/share/cmake/Modules/CheckFunctionExists.c
Linking C executable cmTC_8c9be
/usr/local/Cellar/cmake/3.14.1/bin/cmake -E cmake_link_script CMakeFiles/cmTC_8c9be.dir/link.txt --verbose=1
/Library/Developer/CommandLineTools/usr/bin/gcc -Wall -Wno-unused -Wunused-value -Wno-unknown-pragmas   -DCHECK_FUNCTION_EXISTS=memalign -isysroot /Library/Developer/CommandLineTools/SDKs/MacOSX10.14.sdk -Wl,-search_paths_first -Wl,-headerpad_max_install_names   CMakeFiles/cmTC_8c9be.dir/CheckFunctionExists.c.o  -o cmTC_8c9be 
Undefined symbols for architecture x86_64:
  "_memalign", referenced from:
      _main in CheckFunctionExists.c.o
ld: symbol(s) not found for architecture x86_64
clang: error: linker command failed with exit code 1 (use -v to see invocation)
make[1]: *** [cmTC_8c9be] Error 1
make: *** [cmTC_8c9be/fast] Error 2


Determining if the function _aligned_malloc exists failed with the following output:
Change Dir: /Users/kseniakorshunova/Documents/PhD_project/gromacs_4.6.5/gromacs-4.6.5/build_0/CMakeFiles/CMakeTmp

Run Build Command(s):/usr/bin/make cmTC_d65e9/fast 
/Library/Developer/CommandLineTools/usr/bin/make -f CMakeFiles/cmTC_d65e9.dir/build.make CMakeFiles/cmTC_d65e9.dir/build
Building C object CMakeFiles/cmTC_d65e9.dir/CheckFunctionExists.c.o
/Library/Developer/CommandLineTools/usr/bin/gcc   -Wall -Wno-unused -Wunused-value -Wno-unknown-pragmas   -DCHECK_FUNCTION_EXISTS=_aligned_malloc -isysroot /Library/Developer/CommandLineTools/SDKs/MacOSX10.14.sdk   -o CMakeFiles/cmTC_d65e9.dir/CheckFunctionExists.c.o   -c /usr/local/Cellar/cmake/3.14.1/share/cmake/Modules/CheckFunctionExists.c
Linking C executable cmTC_d65e9
/usr/local/Cellar/cmake/3.14.1/bin/cmake -E cmake_link_script CMakeFiles/cmTC_d65e9.dir/link.txt --verbose=1
/Library/Developer/CommandLineTools/usr/bin/gcc -Wall -Wno-unused -Wunused-value -Wno-unknown-pragmas   -DCHECK_FUNCTION_EXISTS=_aligned_malloc -isysroot /Library/Developer/CommandLineTools/SDKs/MacOSX10.14.sdk -Wl,-search_paths_first -Wl,-headerpad_max_install_names   CMakeFiles/cmTC_d65e9.dir/CheckFunctionExists.c.o  -o cmTC_d65e9 
Undefined symbols for architecture x86_64:
  "__aligned_malloc", referenced from:
      _main in CheckFunctionExists.c.o
ld: symbol(s) not found for architecture x86_64
clang: error: linker command failed with exit code 1 (use -v to see invocation)
make[1]: *** [cmTC_d65e9] Error 1
make: *** [cmTC_d65e9/fast] Error 2


Determining if the function _isnan exists failed with the following output:
Change Dir: /Users/kseniakorshunova/Documents/PhD_project/gromacs_4.6.5/gromacs-4.6.5/build_0/CMakeFiles/CMakeTmp

Run Build Command(s):/usr/bin/make cmTC_0ddcb/fast 
/Library/Developer/CommandLineTools/usr/bin/make -f CMakeFiles/cmTC_0ddcb.dir/build.make CMakeFiles/cmTC_0ddcb.dir/build
Building C object CMakeFiles/cmTC_0ddcb.dir/CheckFunctionExists.c.o
/Library/Developer/CommandLineTools/usr/bin/gcc   -Wall -Wno-unused -Wunused-value -Wno-unknown-pragmas   -DCHECK_FUNCTION_EXISTS=_isnan -isysroot /Library/Developer/CommandLineTools/SDKs/MacOSX10.14.sdk   -o CMakeFiles/cmTC_0ddcb.dir/CheckFunctionExists.c.o   -c /usr/local/Cellar/cmake/3.14.1/share/cmake/Modules/CheckFunctionExists.c
Linking C executable cmTC_0ddcb
/usr/local/Cellar/cmake/3.14.1/bin/cmake -E cmake_link_script CMakeFiles/cmTC_0ddcb.dir/link.txt --verbose=1
/Library/Developer/CommandLineTools/usr/bin/gcc -Wall -Wno-unused -Wunused-value -Wno-unknown-pragmas   -DCHECK_FUNCTION_EXISTS=_isnan -isysroot /Library/Developer/CommandLineTools/SDKs/MacOSX10.14.sdk -Wl,-search_paths_first -Wl,-headerpad_max_install_names   CMakeFiles/cmTC_0ddcb.dir/CheckFunctionExists.c.o  -o cmTC_0ddcb 
Undefined symbols for architecture x86_64:
  "__isnan", referenced from:
      _main in CheckFunctionExists.c.o
ld: symbol(s) not found for architecture x86_64
clang: error: linker command failed with exit code 1 (use -v to see invocation)
make[1]: *** [cmTC_0ddcb] Error 1
make: *** [cmTC_0ddcb/fast] Error 2


Determining if the function _fileno exists failed with the following output:
Change Dir: /Users/kseniakorshunova/Documents/PhD_project/gromacs_4.6.5/gromacs-4.6.5/build_0/CMakeFiles/CMakeTmp

Run Build Command(s):/usr/bin/make cmTC_b4f95/fast 
/Library/Developer/CommandLineTools/usr/bin/make -f CMakeFiles/cmTC_b4f95.dir/build.make CMakeFiles/cmTC_b4f95.dir/build
Building C object CMakeFiles/cmTC_b4f95.dir/CheckFunctionExists.c.o
/Library/Developer/CommandLineTools/usr/bin/gcc   -Wall -Wno-unused -Wunused-value -Wno-unknown-pragmas   -DCHECK_FUNCTION_EXISTS=_fileno -isysroot /Library/Developer/CommandLineTools/SDKs/MacOSX10.14.sdk   -o CMakeFiles/cmTC_b4f95.dir/CheckFunctionExists.c.o   -c /usr/local/Cellar/cmake/3.14.1/share/cmake/Modules/CheckFunctionExists.c
Linking C executable cmTC_b4f95
/usr/local/Cellar/cmake/3.14.1/bin/cmake -E cmake_link_script CMakeFiles/cmTC_b4f95.dir/link.txt --verbose=1
/Library/Developer/CommandLineTools/usr/bin/gcc -Wall -Wno-unused -Wunused-value -Wno-unknown-pragmas   -DCHECK_FUNCTION_EXISTS=_fileno -isysroot /Library/Developer/CommandLineTools/SDKs/MacOSX10.14.sdk -Wl,-search_paths_first -Wl,-headerpad_max_install_names   CMakeFiles/cmTC_b4f95.dir/CheckFunctionExists.c.o  -o cmTC_b4f95 
Undefined symbols for architecture x86_64:
  "__fileno", referenced from:
      _main in CheckFunctionExists.c.o
ld: symbol(s) not found for architecture x86_64
clang: error: linker command failed with exit code 1 (use -v to see invocation)
make[1]: *** [cmTC_b4f95] Error 1
make: *** [cmTC_b4f95/fast] Error 2


Determining if the function _commit exists failed with the following output:
Change Dir: /Users/kseniakorshunova/Documents/PhD_project/gromacs_4.6.5/gromacs-4.6.5/build_0/CMakeFiles/CMakeTmp

Run Build Command(s):/usr/bin/make cmTC_778d9/fast 
/Library/Developer/CommandLineTools/usr/bin/make -f CMakeFiles/cmTC_778d9.dir/build.make CMakeFiles/cmTC_778d9.dir/build
Building C object CMakeFiles/cmTC_778d9.dir/CheckFunctionExists.c.o
/Library/Developer/CommandLineTools/usr/bin/gcc   -Wall -Wno-unused -Wunused-value -Wno-unknown-pragmas   -DCHECK_FUNCTION_EXISTS=_commit -isysroot /Library/Developer/CommandLineTools/SDKs/MacOSX10.14.sdk   -o CMakeFiles/cmTC_778d9.dir/CheckFunctionExists.c.o   -c /usr/local/Cellar/cmake/3.14.1/share/cmake/Modules/CheckFunctionExists.c
Linking C executable cmTC_778d9
/usr/local/Cellar/cmake/3.14.1/bin/cmake -E cmake_link_script CMakeFiles/cmTC_778d9.dir/link.txt --verbose=1
/Library/Developer/CommandLineTools/usr/bin/gcc -Wall -Wno-unused -Wunused-value -Wno-unknown-pragmas   -DCHECK_FUNCTION_EXISTS=_commit -isysroot /Library/Developer/CommandLineTools/SDKs/MacOSX10.14.sdk -Wl,-search_paths_first -Wl,-headerpad_max_install_names   CMakeFiles/cmTC_778d9.dir/CheckFunctionExists.c.o  -o cmTC_778d9 
Undefined symbols for architecture x86_64:
  "__commit", referenced from:
      _main in CheckFunctionExists.c.o
ld: symbol(s) not found for architecture x86_64
clang: error: linker command failed with exit code 1 (use -v to see invocation)
make[1]: *** [cmTC_778d9] Error 1
make: *** [cmTC_778d9/fast] Error 2


Determining if the function sched_setaffinity exists failed with the following output:
Change Dir: /Users/kseniakorshunova/Documents/PhD_project/gromacs_4.6.5/gromacs-4.6.5/build_0/CMakeFiles/CMakeTmp

Run Build Command(s):/usr/bin/make cmTC_6ea5b/fast 
/Library/Developer/CommandLineTools/usr/bin/make -f CMakeFiles/cmTC_6ea5b.dir/build.make CMakeFiles/cmTC_6ea5b.dir/build
Building C object CMakeFiles/cmTC_6ea5b.dir/CheckFunctionExists.c.o
/Library/Developer/CommandLineTools/usr/bin/gcc   -Wall -Wno-unused -Wunused-value -Wno-unknown-pragmas   -DCHECK_FUNCTION_EXISTS=sched_setaffinity -isysroot /Library/Developer/CommandLineTools/SDKs/MacOSX10.14.sdk   -o CMakeFiles/cmTC_6ea5b.dir/CheckFunctionExists.c.o   -c /usr/local/Cellar/cmake/3.14.1/share/cmake/Modules/CheckFunctionExists.c
Linking C executable cmTC_6ea5b
/usr/local/Cellar/cmake/3.14.1/bin/cmake -E cmake_link_script CMakeFiles/cmTC_6ea5b.dir/link.txt --verbose=1
/Library/Developer/CommandLineTools/usr/bin/gcc -Wall -Wno-unused -Wunused-value -Wno-unknown-pragmas   -DCHECK_FUNCTION_EXISTS=sched_setaffinity -isysroot /Library/Developer/CommandLineTools/SDKs/MacOSX10.14.sdk -Wl,-search_paths_first -Wl,-headerpad_max_install_names   CMakeFiles/cmTC_6ea5b.dir/CheckFunctionExists.c.o  -o cmTC_6ea5b 
Undefined symbols for architecture x86_64:
  "_sched_setaffinity", referenced from:
      _main in CheckFunctionExists.c.o
ld: symbol(s) not found for architecture x86_64
clang: error: linker command failed with exit code 1 (use -v to see invocation)
make[1]: *** [cmTC_6ea5b] Error 1
make: *** [cmTC_6ea5b/fast] Error 2


Determining if the function sched_getaffinity exists failed with the following output:
Change Dir: /Users/kseniakorshunova/Documents/PhD_project/gromacs_4.6.5/gromacs-4.6.5/build_0/CMakeFiles/CMakeTmp

Run Build Command(s):/usr/bin/make cmTC_47420/fast 
/Library/Developer/CommandLineTools/usr/bin/make -f CMakeFiles/cmTC_47420.dir/build.make CMakeFiles/cmTC_47420.dir/build
Building C object CMakeFiles/cmTC_47420.dir/CheckFunctionExists.c.o
/Library/Developer/CommandLineTools/usr/bin/gcc   -Wall -Wno-unused -Wunused-value -Wno-unknown-pragmas   -DCHECK_FUNCTION_EXISTS=sched_getaffinity -isysroot /Library/Developer/CommandLineTools/SDKs/MacOSX10.14.sdk   -o CMakeFiles/cmTC_47420.dir/CheckFunctionExists.c.o   -c /usr/local/Cellar/cmake/3.14.1/share/cmake/Modules/CheckFunctionExists.c
Linking C executable cmTC_47420
/usr/local/Cellar/cmake/3.14.1/bin/cmake -E cmake_link_script CMakeFiles/cmTC_47420.dir/link.txt --verbose=1
/Library/Developer/CommandLineTools/usr/bin/gcc -Wall -Wno-unused -Wunused-value -Wno-unknown-pragmas   -DCHECK_FUNCTION_EXISTS=sched_getaffinity -isysroot /Library/Developer/CommandLineTools/SDKs/MacOSX10.14.sdk -Wl,-search_paths_first -Wl,-headerpad_max_install_names   CMakeFiles/cmTC_47420.dir/CheckFunctionExists.c.o  -o cmTC_47420 
Undefined symbols for architecture x86_64:
  "_sched_getaffinity", referenced from:
      _main in CheckFunctionExists.c.o
ld: symbol(s) not found for architecture x86_64
clang: error: linker command failed with exit code 1 (use -v to see invocation)
make[1]: *** [cmTC_47420] Error 1
make: *** [cmTC_47420/fast] Error 2


Determining if the function rsqrt exists failed with the following output:
Change Dir: /Users/kseniakorshunova/Documents/PhD_project/gromacs_4.6.5/gromacs-4.6.5/build_0/CMakeFiles/CMakeTmp

Run Build Command(s):/usr/bin/make cmTC_86f42/fast 
/Library/Developer/CommandLineTools/usr/bin/make -f CMakeFiles/cmTC_86f42.dir/build.make CMakeFiles/cmTC_86f42.dir/build
Building C object CMakeFiles/cmTC_86f42.dir/CheckFunctionExists.c.o
/Library/Developer/CommandLineTools/usr/bin/gcc   -Wall -Wno-unused -Wunused-value -Wno-unknown-pragmas   -DCHECK_FUNCTION_EXISTS=rsqrt -isysroot /Library/Developer/CommandLineTools/SDKs/MacOSX10.14.sdk   -o CMakeFiles/cmTC_86f42.dir/CheckFunctionExists.c.o   -c /usr/local/Cellar/cmake/3.14.1/share/cmake/Modules/CheckFunctionExists.c
Linking C executable cmTC_86f42
/usr/local/Cellar/cmake/3.14.1/bin/cmake -E cmake_link_script CMakeFiles/cmTC_86f42.dir/link.txt --verbose=1
/Library/Developer/CommandLineTools/usr/bin/gcc -Wall -Wno-unused -Wunused-value -Wno-unknown-pragmas   -DCHECK_FUNCTION_EXISTS=rsqrt -isysroot /Library/Developer/CommandLineTools/SDKs/MacOSX10.14.sdk -Wl,-search_paths_first -Wl,-headerpad_max_install_names   CMakeFiles/cmTC_86f42.dir/CheckFunctionExists.c.o  -o cmTC_86f42 
Undefined symbols for architecture x86_64:
  "_rsqrt", referenced from:
      _main in CheckFunctionExists.c.o
ld: symbol(s) not found for architecture x86_64
clang: error: linker command failed with exit code 1 (use -v to see invocation)
make[1]: *** [cmTC_86f42] Error 1
make: *** [cmTC_86f42/fast] Error 2


Determining if the function rsqrtf exists failed with the following output:
Change Dir: /Users/kseniakorshunova/Documents/PhD_project/gromacs_4.6.5/gromacs-4.6.5/build_0/CMakeFiles/CMakeTmp

Run Build Command(s):/usr/bin/make cmTC_bc2bf/fast 
/Library/Developer/CommandLineTools/usr/bin/make -f CMakeFiles/cmTC_bc2bf.dir/build.make CMakeFiles/cmTC_bc2bf.dir/build
Building C object CMakeFiles/cmTC_bc2bf.dir/CheckFunctionExists.c.o
/Library/Developer/CommandLineTools/usr/bin/gcc   -Wall -Wno-unused -Wunused-value -Wno-unknown-pragmas   -DCHECK_FUNCTION_EXISTS=rsqrtf -isysroot /Library/Developer/CommandLineTools/SDKs/MacOSX10.14.sdk   -o CMakeFiles/cmTC_bc2bf.dir/CheckFunctionExists.c.o   -c /usr/local/Cellar/cmake/3.14.1/share/cmake/Modules/CheckFunctionExists.c
Linking C executable cmTC_bc2bf
/usr/local/Cellar/cmake/3.14.1/bin/cmake -E cmake_link_script CMakeFiles/cmTC_bc2bf.dir/link.txt --verbose=1
/Library/Developer/CommandLineTools/usr/bin/gcc -Wall -Wno-unused -Wunused-value -Wno-unknown-pragmas   -DCHECK_FUNCTION_EXISTS=rsqrtf -isysroot /Library/Developer/CommandLineTools/SDKs/MacOSX10.14.sdk -Wl,-search_paths_first -Wl,-headerpad_max_install_names   CMakeFiles/cmTC_bc2bf.dir/CheckFunctionExists.c.o  -o cmTC_bc2bf 
Undefined symbols for architecture x86_64:
  "_rsqrtf", referenced from:
      _main in CheckFunctionExists.c.o
ld: symbol(s) not found for architecture x86_64
clang: error: linker command failed with exit code 1 (use -v to see invocation)
make[1]: *** [cmTC_bc2bf] Error 1
make: *** [cmTC_bc2bf/fast] Error 2


Determining size of bool failed with the following output:
Change Dir: /Users/kseniakorshunova/Documents/PhD_project/gromacs_4.6.5/gromacs-4.6.5/build_0/CMakeFiles/CMakeTmp

Run Build Command(s):/usr/bin/make cmTC_5246f/fast 
/Library/Developer/CommandLineTools/usr/bin/make -f CMakeFiles/cmTC_5246f.dir/build.make CMakeFiles/cmTC_5246f.dir/build
Building C object CMakeFiles/cmTC_5246f.dir/SIZEOF_BOOL.c.o
/Library/Developer/CommandLineTools/usr/bin/gcc   -Wall -Wno-unused -Wunused-value -Wno-unknown-pragmas    -isysroot /Library/Developer/CommandLineTools/SDKs/MacOSX10.14.sdk   -o CMakeFiles/cmTC_5246f.dir/SIZEOF_BOOL.c.o   -c /Users/kseniakorshunova/Documents/PhD_project/gromacs_4.6.5/gromacs-4.6.5/build_0/CMakeFiles/CheckTypeSize/SIZEOF_BOOL.c
/Users/kseniakorshunova/Documents/PhD_project/gromacs_4.6.5/gromacs-4.6.5/build_0/CMakeFiles/CheckTypeSize/SIZEOF_BOOL.c:25:12: error: use of undeclared identifier 'bool'; did you mean '_Bool'?
  ('0' + ((SIZE / 10000)%10)),
           ^
/Users/kseniakorshunova/Documents/PhD_project/gromacs_4.6.5/gromacs-4.6.5/build_0/CMakeFiles/CheckTypeSize/SIZEOF_BOOL.c:23:22: note: expanded from macro 'SIZE'
#define SIZE (sizeof(bool))
                     ^
/Users/kseniakorshunova/Documents/PhD_project/gromacs_4.6.5/gromacs-4.6.5/build_0/CMakeFiles/CheckTypeSize/SIZEOF_BOOL.c:25:12: error: reference to overloaded function could not be resolved; did you mean to call it?
  ('0' + ((SIZE / 10000)%10)),
           ^~~~
/Users/kseniakorshunova/Documents/PhD_project/gromacs_4.6.5/gromacs-4.6.5/build_0/CMakeFiles/CheckTypeSize/SIZEOF_BOOL.c:23:21: note: expanded from macro 'SIZE'
#define SIZE (sizeof(bool))
                    ^~~~~~
/Users/kseniakorshunova/Documents/PhD_project/gromacs_4.6.5/gromacs-4.6.5/build_0/CMakeFiles/CheckTypeSize/SIZEOF_BOOL.c:26:12: error: use of undeclared identifier 'bool'; did you mean '_Bool'?
  ('0' + ((SIZE / 1000)%10)),
           ^
/Users/kseniakorshunova/Documents/PhD_project/gromacs_4.6.5/gromacs-4.6.5/build_0/CMakeFiles/CheckTypeSize/SIZEOF_BOOL.c:23:22: note: expanded from macro 'SIZE'
#define SIZE (sizeof(bool))
                     ^
/Users/kseniakorshunova/Documents/PhD_project/gromacs_4.6.5/gromacs-4.6.5/build_0/CMakeFiles/CheckTypeSize/SIZEOF_BOOL.c:26:12: error: reference to overloaded function could not be resolved; did you mean to call it?
  ('0' + ((SIZE / 1000)%10)),
           ^~~~
/Users/kseniakorshunova/Documents/PhD_project/gromacs_4.6.5/gromacs-4.6.5/build_0/CMakeFiles/CheckTypeSize/SIZEOF_BOOL.c:23:21: note: expanded from macro 'SIZE'
#define SIZE (sizeof(bool))
                    ^~~~~~
/Users/kseniakorshunova/Documents/PhD_project/gromacs_4.6.5/gromacs-4.6.5/build_0/CMakeFiles/CheckTypeSize/SIZEOF_BOOL.c:27:12: error: use of undeclared identifier 'bool'; did you mean '_Bool'?
  ('0' + ((SIZE / 100)%10)),
           ^
/Users/kseniakorshunova/Documents/PhD_project/gromacs_4.6.5/gromacs-4.6.5/build_0/CMakeFiles/CheckTypeSize/SIZEOF_BOOL.c:23:22: note: expanded from macro 'SIZE'
#define SIZE (sizeof(bool))
                     ^
/Users/kseniakorshunova/Documents/PhD_project/gromacs_4.6.5/gromacs-4.6.5/build_0/CMakeFiles/CheckTypeSize/SIZEOF_BOOL.c:27:12: error: reference to overloaded function could not be resolved; did you mean to call it?
  ('0' + ((SIZE / 100)%10)),
           ^~~~
/Users/kseniakorshunova/Documents/PhD_project/gromacs_4.6.5/gromacs-4.6.5/build_0/CMakeFiles/CheckTypeSize/SIZEOF_BOOL.c:23:21: note: expanded from macro 'SIZE'
#define SIZE (sizeof(bool))
                    ^~~~~~
/Users/kseniakorshunova/Documents/PhD_project/gromacs_4.6.5/gromacs-4.6.5/build_0/CMakeFiles/CheckTypeSize/SIZEOF_BOOL.c:28:12: error: use of undeclared identifier 'bool'; did you mean '_Bool'?
  ('0' + ((SIZE / 10)%10)),
           ^
/Users/kseniakorshunova/Documents/PhD_project/gromacs_4.6.5/gromacs-4.6.5/build_0/CMakeFiles/CheckTypeSize/SIZEOF_BOOL.c:23:22: note: expanded from macro 'SIZE'
#define SIZE (sizeof(bool))
                     ^
/Users/kseniakorshunova/Documents/PhD_project/gromacs_4.6.5/gromacs-4.6.5/build_0/CMakeFiles/CheckTypeSize/SIZEOF_BOOL.c:28:12: error: reference to overloaded function could not be resolved; did you mean to call it?
  ('0' + ((SIZE / 10)%10)),
           ^~~~
/Users/kseniakorshunova/Documents/PhD_project/gromacs_4.6.5/gromacs-4.6.5/build_0/CMakeFiles/CheckTypeSize/SIZEOF_BOOL.c:23:21: note: expanded from macro 'SIZE'
#define SIZE (sizeof(bool))
                    ^~~~~~
/Users/kseniakorshunova/Documents/PhD_project/gromacs_4.6.5/gromacs-4.6.5/build_0/CMakeFiles/CheckTypeSize/SIZEOF_BOOL.c:29:12: error: use of undeclared identifier 'bool'; did you mean '_Bool'?
  ('0' +  (SIZE    % 10)),
           ^
/Users/kseniakorshunova/Documents/PhD_project/gromacs_4.6.5/gromacs-4.6.5/build_0/CMakeFiles/CheckTypeSize/SIZEOF_BOOL.c:23:22: note: expanded from macro 'SIZE'
#define SIZE (sizeof(bool))
                     ^
/Users/kseniakorshunova/Documents/PhD_project/gromacs_4.6.5/gromacs-4.6.5/build_0/CMakeFiles/CheckTypeSize/SIZEOF_BOOL.c:29:12: error: reference to overloaded function could not be resolved; did you mean to call it?
  ('0' +  (SIZE    % 10)),
           ^~~~
/Users/kseniakorshunova/Documents/PhD_project/gromacs_4.6.5/gromacs-4.6.5/build_0/CMakeFiles/CheckTypeSize/SIZEOF_BOOL.c:23:21: note: expanded from macro 'SIZE'
#define SIZE (sizeof(bool))
                    ^~~~~~
10 errors generated.
make[1]: *** [CMakeFiles/cmTC_5246f.dir/SIZEOF_BOOL.c.o] Error 1
make: *** [cmTC_5246f/fast] Error 2

/Users/kseniakorshunova/Documents/PhD_project/gromacs_4.6.5/gromacs-4.6.5/build_0/CMakeFiles/CheckTypeSize/SIZEOF_BOOL.c:
#include <sys/types.h>
#include <stdint.h>
#include <stddef.h>


#undef KEY
#if defined(__i386)
# define KEY '_','_','i','3','8','6'
#elif defined(__x86_64)
# define KEY '_','_','x','8','6','_','6','4'
#elif defined(__ppc__)
# define KEY '_','_','p','p','c','_','_'
#elif defined(__ppc64__)
# define KEY '_','_','p','p','c','6','4','_','_'
#elif defined(__aarch64__)
# define KEY '_','_','a','a','r','c','h','6','4','_','_'
#elif defined(__ARM_ARCH_7A__)
# define KEY '_','_','A','R','M','_','A','R','C','H','_','7','A','_','_'
#elif defined(__ARM_ARCH_7S__)
# define KEY '_','_','A','R','M','_','A','R','C','H','_','7','S','_','_'
#endif

#define SIZE (sizeof(bool))
char info_size[] =  {'I', 'N', 'F', 'O', ':', 's','i','z','e','[',
  ('0' + ((SIZE / 10000)%10)),
  ('0' + ((SIZE / 1000)%10)),
  ('0' + ((SIZE / 100)%10)),
  ('0' + ((SIZE / 10)%10)),
  ('0' +  (SIZE    % 10)),
  ']',
#ifdef KEY
  ' ','k','e','y','[', KEY, ']',
#endif
  '\0'};

#ifdef __CLASSIC_C__
int main(argc, argv) int argc; char *argv[];
#else
int main(int argc, char *argv[])
#endif
{
  int require = 0;
  require += info_size[argc];
  (void)argv;
  return require;
}


Performing C SOURCE FILE Test PTHREAD_SETAFFINITY failed with the following output:
Change Dir: /Users/kseniakorshunova/Documents/PhD_project/gromacs_4.6.5/gromacs-4.6.5/build_0/CMakeFiles/CMakeTmp

Run Build Command(s):/usr/bin/make cmTC_8c034/fast 
/Library/Developer/CommandLineTools/usr/bin/make -f CMakeFiles/cmTC_8c034.dir/build.make CMakeFiles/cmTC_8c034.dir/build
Building C object CMakeFiles/cmTC_8c034.dir/src.c.o
/Library/Developer/CommandLineTools/usr/bin/gcc   -Wall -Wno-unused -Wunused-value -Wno-unknown-pragmas   -DPTHREAD_SETAFFINITY -isysroot /Library/Developer/CommandLineTools/SDKs/MacOSX10.14.sdk   -o CMakeFiles/cmTC_8c034.dir/src.c.o   -c /Users/kseniakorshunova/Documents/PhD_project/gromacs_4.6.5/gromacs-4.6.5/build_0/CMakeFiles/CMakeTmp/src.c
/Users/kseniakorshunova/Documents/PhD_project/gromacs_4.6.5/gromacs-4.6.5/build_0/CMakeFiles/CMakeTmp/src.c:6:22: error: use of undeclared identifier 'cpu_set_t'
    int main(void) { cpu_set_t set;
                     ^
/Users/kseniakorshunova/Documents/PhD_project/gromacs_4.6.5/gromacs-4.6.5/build_0/CMakeFiles/CMakeTmp/src.c:7:9: warning: implicit declaration of function 'CPU_ZERO' is invalid in C99 [-Wimplicit-function-declaration]
        CPU_ZERO(&set);
        ^
/Users/kseniakorshunova/Documents/PhD_project/gromacs_4.6.5/gromacs-4.6.5/build_0/CMakeFiles/CMakeTmp/src.c:7:19: error: use of undeclared identifier 'set'
        CPU_ZERO(&set);
                  ^
/Users/kseniakorshunova/Documents/PhD_project/gromacs_4.6.5/gromacs-4.6.5/build_0/CMakeFiles/CMakeTmp/src.c:8:9: warning: implicit declaration of function 'CPU_SET' is invalid in C99 [-Wimplicit-function-declaration]
        CPU_SET(0, &set);
        ^
/Users/kseniakorshunova/Documents/PhD_project/gromacs_4.6.5/gromacs-4.6.5/build_0/CMakeFiles/CMakeTmp/src.c:8:21: error: use of undeclared identifier 'set'
        CPU_SET(0, &set);
                    ^
/Users/kseniakorshunova/Documents/PhD_project/gromacs_4.6.5/gromacs-4.6.5/build_0/CMakeFiles/CMakeTmp/src.c:9:9: warning: implicit declaration of function 'pthread_setaffinity_np' is invalid in C99 [-Wimplicit-function-declaration]
        pthread_setaffinity_np(pthread_self(), sizeof(set), &set);
        ^
/Users/kseniakorshunova/Documents/PhD_project/gromacs_4.6.5/gromacs-4.6.5/build_0/CMakeFiles/CMakeTmp/src.c:9:55: error: use of undeclared identifier 'set'
        pthread_setaffinity_np(pthread_self(), sizeof(set), &set);
                                                      ^
/Users/kseniakorshunova/Documents/PhD_project/gromacs_4.6.5/gromacs-4.6.5/build_0/CMakeFiles/CMakeTmp/src.c:9:62: error: use of undeclared identifier 'set'
        pthread_setaffinity_np(pthread_self(), sizeof(set), &set);
                                                             ^
3 warnings and 5 errors generated.
make[1]: *** [CMakeFiles/cmTC_8c034.dir/src.c.o] Error 1
make: *** [cmTC_8c034/fast] Error 2

Source file was:
#define _GNU_SOURCE
#include <pthread.h>
#include <stdlib.h>
#include <stdio.h>
#include <errno.h>
    int main(void) { cpu_set_t set;
        CPU_ZERO(&set);
        CPU_SET(0, &set);
        pthread_setaffinity_np(pthread_self(), sizeof(set), &set);
        return 0;
    }
Performing C SOURCE FILE Test _isfinite_compile_ok failed with the following output:
Change Dir: /Users/kseniakorshunova/Documents/PhD_project/gromacs_4.6.5/gromacs-4.6.5/build_0/CMakeFiles/CMakeTmp

Run Build Command(s):/usr/bin/make cmTC_c9be1/fast 
/Library/Developer/CommandLineTools/usr/bin/make -f CMakeFiles/cmTC_c9be1.dir/build.make CMakeFiles/cmTC_c9be1.dir/build
Building C object CMakeFiles/cmTC_c9be1.dir/src.c.o
/Library/Developer/CommandLineTools/usr/bin/gcc  -I/Users/kseniakorshunova/Documents/PhD_project/gromacs_4.6.5/gromacs-4.6.5/build_0/CMakeFiles/CMakeTmp/math.h  -Wall -Wno-unused -Wunused-value -Wno-unknown-pragmas   -D_isfinite_compile_ok -isysroot /Library/Developer/CommandLineTools/SDKs/MacOSX10.14.sdk   -o CMakeFiles/cmTC_c9be1.dir/src.c.o   -c /Users/kseniakorshunova/Documents/PhD_project/gromacs_4.6.5/gromacs-4.6.5/build_0/CMakeFiles/CMakeTmp/src.c
/Users/kseniakorshunova/Documents/PhD_project/gromacs_4.6.5/gromacs-4.6.5/build_0/CMakeFiles/CMakeTmp/src.c:4:3: warning: implicit declaration of function '_isfinite' is invalid in C99 [-Wimplicit-function-declaration]
  _isfinite(f);
  ^
/Users/kseniakorshunova/Documents/PhD_project/gromacs_4.6.5/gromacs-4.6.5/build_0/CMakeFiles/CMakeTmp/src.c:4:13: warning: variable 'f' is uninitialized when used here [-Wuninitialized]
  _isfinite(f);
            ^
/Users/kseniakorshunova/Documents/PhD_project/gromacs_4.6.5/gromacs-4.6.5/build_0/CMakeFiles/CMakeTmp/src.c:3:10: note: initialize the variable 'f' to silence this warning
  float f;
         ^
          = 0.0
2 warnings generated.
Linking C executable cmTC_c9be1
/usr/local/Cellar/cmake/3.14.1/bin/cmake -E cmake_link_script CMakeFiles/cmTC_c9be1.dir/link.txt --verbose=1
/Library/Developer/CommandLineTools/usr/bin/gcc -Wall -Wno-unused -Wunused-value -Wno-unknown-pragmas   -D_isfinite_compile_ok -isysroot /Library/Developer/CommandLineTools/SDKs/MacOSX10.14.sdk -Wl,-search_paths_first -Wl,-headerpad_max_install_names   CMakeFiles/cmTC_c9be1.dir/src.c.o  -o cmTC_c9be1 -lm 
Undefined symbols for architecture x86_64:
  "__isfinite", referenced from:
      _main in src.c.o
ld: symbol(s) not found for architecture x86_64
clang: error: linker command failed with exit code 1 (use -v to see invocation)
make[1]: *** [cmTC_c9be1] Error 1
make: *** [cmTC_c9be1/fast] Error 2

Source file was:
#include <math.h>
int main(void) {
  float f;
  _isfinite(f);
}
Performing C SOURCE FILE Test _finite_compile_ok failed with the following output:
Change Dir: /Users/kseniakorshunova/Documents/PhD_project/gromacs_4.6.5/gromacs-4.6.5/build_0/CMakeFiles/CMakeTmp

Run Build Command(s):/usr/bin/make cmTC_bf82c/fast 
/Library/Developer/CommandLineTools/usr/bin/make -f CMakeFiles/cmTC_bf82c.dir/build.make CMakeFiles/cmTC_bf82c.dir/build
Building C object CMakeFiles/cmTC_bf82c.dir/src.c.o
/Library/Developer/CommandLineTools/usr/bin/gcc  -I/Users/kseniakorshunova/Documents/PhD_project/gromacs_4.6.5/gromacs-4.6.5/build_0/CMakeFiles/CMakeTmp/float.h  -Wall -Wno-unused -Wunused-value -Wno-unknown-pragmas   -D_finite_compile_ok -isysroot /Library/Developer/CommandLineTools/SDKs/MacOSX10.14.sdk   -o CMakeFiles/cmTC_bf82c.dir/src.c.o   -c /Users/kseniakorshunova/Documents/PhD_project/gromacs_4.6.5/gromacs-4.6.5/build_0/CMakeFiles/CMakeTmp/src.c
/Users/kseniakorshunova/Documents/PhD_project/gromacs_4.6.5/gromacs-4.6.5/build_0/CMakeFiles/CMakeTmp/src.c:4:3: warning: implicit declaration of function '_finite' is invalid in C99 [-Wimplicit-function-declaration]
  _finite(f);
  ^
/Users/kseniakorshunova/Documents/PhD_project/gromacs_4.6.5/gromacs-4.6.5/build_0/CMakeFiles/CMakeTmp/src.c:4:11: warning: variable 'f' is uninitialized when used here [-Wuninitialized]
  _finite(f);
          ^
/Users/kseniakorshunova/Documents/PhD_project/gromacs_4.6.5/gromacs-4.6.5/build_0/CMakeFiles/CMakeTmp/src.c:3:10: note: initialize the variable 'f' to silence this warning
  float f;
         ^
          = 0.0
2 warnings generated.
Linking C executable cmTC_bf82c
/usr/local/Cellar/cmake/3.14.1/bin/cmake -E cmake_link_script CMakeFiles/cmTC_bf82c.dir/link.txt --verbose=1
/Library/Developer/CommandLineTools/usr/bin/gcc -Wall -Wno-unused -Wunused-value -Wno-unknown-pragmas   -D_finite_compile_ok -isysroot /Library/Developer/CommandLineTools/SDKs/MacOSX10.14.sdk -Wl,-search_paths_first -Wl,-headerpad_max_install_names   CMakeFiles/cmTC_bf82c.dir/src.c.o  -o cmTC_bf82c 
Undefined symbols for architecture x86_64:
  "__finite", referenced from:
      _main in src.c.o
ld: symbol(s) not found for architecture x86_64
clang: error: linker command failed with exit code 1 (use -v to see invocation)
make[1]: *** [cmTC_bf82c] Error 1
make: *** [cmTC_bf82c/fast] Error 2

Source file was:
#include <float.h>
int main(void) {
  float f;
  _finite(f);
}
Determining if the include file intrin.h exists failed with the following output:
Change Dir: /Users/kseniakorshunova/Documents/PhD_project/gromacs_4.6.5/gromacs-4.6.5/build_0/CMakeFiles/CMakeTmp

Run Build Command(s):/usr/bin/make cmTC_342cf/fast 
/Library/Developer/CommandLineTools/usr/bin/make -f CMakeFiles/cmTC_342cf.dir/build.make CMakeFiles/cmTC_342cf.dir/build
Building C object CMakeFiles/cmTC_342cf.dir/CheckIncludeFile.c.o
/Library/Developer/CommandLineTools/usr/bin/gcc   -Wall -Wno-unused -Wunused-value -Wno-unknown-pragmas   -mavx   -isysroot /Library/Developer/CommandLineTools/SDKs/MacOSX10.14.sdk   -o CMakeFiles/cmTC_342cf.dir/CheckIncludeFile.c.o   -c /Users/kseniakorshunova/Documents/PhD_project/gromacs_4.6.5/gromacs-4.6.5/build_0/CMakeFiles/CMakeTmp/CheckIncludeFile.c
In file included from /Users/kseniakorshunova/Documents/PhD_project/gromacs_4.6.5/gromacs-4.6.5/build_0/CMakeFiles/CMakeTmp/CheckIncludeFile.c:1:
/Library/Developer/CommandLineTools/usr/lib/clang/10.0.1/include/intrin.h:26:15: fatal error: 'intrin.h' file not found
#include_next <intrin.h>
              ^~~~~~~~~~
1 error generated.
make[1]: *** [CMakeFiles/cmTC_342cf.dir/CheckIncludeFile.c.o] Error 1
make: *** [cmTC_342cf/fast] Error 2


